<?xml version="1.0" encoding="UTF-8"?>
<testsuite xmlns:xsi="http://www.w3.org/2001/XMLSchema-instance" xsi:noNamespaceSchemaLocation="https://maven.apache.org/surefire/maven-surefire-plugin/xsd/surefire-test-report.xsd" name="com.security.demo.DemoApplicationTests" time="11.844" tests="1" errors="0" skipped="0" failures="0">
  <properties>
    <property name="sun.desktop" value="windows"/>
    <property name="awt.toolkit" value="sun.awt.windows.WToolkit"/>
    <property name="file.encoding.pkg" value="sun.io"/>
    <property name="java.specification.version" value="1.8"/>
    <property name="sun.cpu.isalist" value="amd64"/>
    <property name="sun.jnu.encoding" value="GBK"/>
    <property name="java.class.path" value="E:\github\learning\security\target\test-classes;E:\github\learning\security\target\classes;H:\repository\mvn repository\org\springframework\boot\spring-boot-starter-security\2.4.0\spring-boot-starter-security-2.4.0.jar;H:\repository\mvn repository\org\springframework\boot\spring-boot-starter\2.4.0\spring-boot-starter-2.4.0.jar;H:\repository\mvn repository\org\springframework\boot\spring-boot-starter-logging\2.4.0\spring-boot-starter-logging-2.4.0.jar;H:\repository\mvn repository\ch\qos\logback\logback-classic\1.2.3\logback-classic-1.2.3.jar;H:\repository\mvn repository\ch\qos\logback\logback-core\1.2.3\logback-core-1.2.3.jar;H:\repository\mvn repository\org\apache\logging\log4j\log4j-to-slf4j\2.13.3\log4j-to-slf4j-2.13.3.jar;H:\repository\mvn repository\org\apache\logging\log4j\log4j-api\2.13.3\log4j-api-2.13.3.jar;H:\repository\mvn repository\org\slf4j\jul-to-slf4j\1.7.30\jul-to-slf4j-1.7.30.jar;H:\repository\mvn repository\jakarta\annotation\jakarta.annotation-api\1.3.5\jakarta.annotation-api-1.3.5.jar;H:\repository\mvn repository\org\yaml\snakeyaml\1.27\snakeyaml-1.27.jar;H:\repository\mvn repository\org\springframework\spring-aop\5.3.1\spring-aop-5.3.1.jar;H:\repository\mvn repository\org\springframework\security\spring-security-config\5.4.1\spring-security-config-5.4.1.jar;H:\repository\mvn repository\org\springframework\security\spring-security-web\5.4.1\spring-security-web-5.4.1.jar;H:\repository\mvn repository\org\springframework\boot\spring-boot-starter-web\2.4.0\spring-boot-starter-web-2.4.0.jar;H:\repository\mvn repository\org\springframework\boot\spring-boot-starter-json\2.4.0\spring-boot-starter-json-2.4.0.jar;H:\repository\mvn repository\com\fasterxml\jackson\datatype\jackson-datatype-jdk8\2.11.3\jackson-datatype-jdk8-2.11.3.jar;H:\repository\mvn repository\com\fasterxml\jackson\datatype\jackson-datatype-jsr310\2.11.3\jackson-datatype-jsr310-2.11.3.jar;H:\repository\mvn repository\com\fasterxml\jackson\module\jackson-module-parameter-names\2.11.3\jackson-module-parameter-names-2.11.3.jar;H:\repository\mvn repository\org\springframework\boot\spring-boot-starter-tomcat\2.4.0\spring-boot-starter-tomcat-2.4.0.jar;H:\repository\mvn repository\org\apache\tomcat\embed\tomcat-embed-core\9.0.39\tomcat-embed-core-9.0.39.jar;H:\repository\mvn repository\org\glassfish\jakarta.el\3.0.3\jakarta.el-3.0.3.jar;H:\repository\mvn repository\org\apache\tomcat\embed\tomcat-embed-websocket\9.0.39\tomcat-embed-websocket-9.0.39.jar;H:\repository\mvn repository\org\springframework\spring-web\5.3.1\spring-web-5.3.1.jar;H:\repository\mvn repository\org\springframework\boot\spring-boot-devtools\2.4.0\spring-boot-devtools-2.4.0.jar;H:\repository\mvn repository\org\springframework\boot\spring-boot\2.4.0\spring-boot-2.4.0.jar;H:\repository\mvn repository\org\springframework\boot\spring-boot-autoconfigure\2.4.0\spring-boot-autoconfigure-2.4.0.jar;H:\repository\mvn repository\org\projectlombok\lombok\1.18.16\lombok-1.18.16.jar;H:\repository\mvn repository\org\springframework\boot\spring-boot-starter-test\2.4.0\spring-boot-starter-test-2.4.0.jar;H:\repository\mvn repository\org\springframework\boot\spring-boot-test\2.4.0\spring-boot-test-2.4.0.jar;H:\repository\mvn repository\org\springframework\boot\spring-boot-test-autoconfigure\2.4.0\spring-boot-test-autoconfigure-2.4.0.jar;H:\repository\mvn repository\com\jayway\jsonpath\json-path\2.4.0\json-path-2.4.0.jar;H:\repository\mvn repository\net\minidev\json-smart\2.3\json-smart-2.3.jar;H:\repository\mvn repository\net\minidev\accessors-smart\1.2\accessors-smart-1.2.jar;H:\repository\mvn repository\org\ow2\asm\asm\5.0.4\asm-5.0.4.jar;H:\repository\mvn repository\jakarta\xml\bind\jakarta.xml.bind-api\2.3.3\jakarta.xml.bind-api-2.3.3.jar;H:\repository\mvn repository\jakarta\activation\jakarta.activation-api\1.2.2\jakarta.activation-api-1.2.2.jar;H:\repository\mvn repository\org\assertj\assertj-core\3.18.1\assertj-core-3.18.1.jar;H:\repository\mvn repository\org\hamcrest\hamcrest\2.2\hamcrest-2.2.jar;H:\repository\mvn repository\org\junit\jupiter\junit-jupiter\5.7.0\junit-jupiter-5.7.0.jar;H:\repository\mvn repository\org\junit\jupiter\junit-jupiter-api\5.7.0\junit-jupiter-api-5.7.0.jar;H:\repository\mvn repository\org\apiguardian\apiguardian-api\1.1.0\apiguardian-api-1.1.0.jar;H:\repository\mvn repository\org\opentest4j\opentest4j\1.2.0\opentest4j-1.2.0.jar;H:\repository\mvn repository\org\junit\platform\junit-platform-commons\1.7.0\junit-platform-commons-1.7.0.jar;H:\repository\mvn repository\org\junit\jupiter\junit-jupiter-params\5.7.0\junit-jupiter-params-5.7.0.jar;H:\repository\mvn repository\org\junit\jupiter\junit-jupiter-engine\5.7.0\junit-jupiter-engine-5.7.0.jar;H:\repository\mvn repository\org\junit\platform\junit-platform-engine\1.7.0\junit-platform-engine-1.7.0.jar;H:\repository\mvn repository\org\mockito\mockito-core\3.6.0\mockito-core-3.6.0.jar;H:\repository\mvn repository\net\bytebuddy\byte-buddy\1.10.18\byte-buddy-1.10.18.jar;H:\repository\mvn repository\net\bytebuddy\byte-buddy-agent\1.10.18\byte-buddy-agent-1.10.18.jar;H:\repository\mvn repository\org\objenesis\objenesis\3.1\objenesis-3.1.jar;H:\repository\mvn repository\org\mockito\mockito-junit-jupiter\3.6.0\mockito-junit-jupiter-3.6.0.jar;H:\repository\mvn repository\org\skyscreamer\jsonassert\1.5.0\jsonassert-1.5.0.jar;H:\repository\mvn repository\com\vaadin\external\google\android-json\0.0.20131108.vaadin1\android-json-0.0.20131108.vaadin1.jar;H:\repository\mvn repository\org\springframework\spring-core\5.3.1\spring-core-5.3.1.jar;H:\repository\mvn repository\org\springframework\spring-jcl\5.3.1\spring-jcl-5.3.1.jar;H:\repository\mvn repository\org\springframework\spring-test\5.3.1\spring-test-5.3.1.jar;H:\repository\mvn repository\org\xmlunit\xmlunit-core\2.7.0\xmlunit-core-2.7.0.jar;H:\repository\mvn repository\org\springframework\security\spring-security-test\5.4.1\spring-security-test-5.4.1.jar;H:\repository\mvn repository\org\springframework\security\spring-security-core\5.4.1\spring-security-core-5.4.1.jar;H:\repository\mvn repository\io\jsonwebtoken\jjwt-api\0.11.1\jjwt-api-0.11.1.jar;H:\repository\mvn repository\io\jsonwebtoken\jjwt-impl\0.11.1\jjwt-impl-0.11.1.jar;H:\repository\mvn repository\io\jsonwebtoken\jjwt-jackson\0.11.1\jjwt-jackson-0.11.1.jar;H:\repository\mvn repository\com\fasterxml\jackson\core\jackson-databind\2.11.3\jackson-databind-2.11.3.jar;H:\repository\mvn repository\com\fasterxml\jackson\core\jackson-core\2.11.3\jackson-core-2.11.3.jar;H:\repository\mvn repository\org\apache\commons\commons-lang3\3.9\commons-lang3-3.9.jar;H:\repository\mvn repository\javax\servlet\javax.servlet-api\3.1.0\javax.servlet-api-3.1.0.jar;H:\repository\mvn repository\org\springframework\spring-webmvc\5.2.9.RELEASE\spring-webmvc-5.2.9.RELEASE.jar;H:\repository\mvn repository\org\springframework\spring-beans\5.3.1\spring-beans-5.3.1.jar;H:\repository\mvn repository\org\springframework\spring-context\5.3.1\spring-context-5.3.1.jar;H:\repository\mvn repository\org\springframework\spring-expression\5.3.1\spring-expression-5.3.1.jar;H:\repository\mvn repository\io\springfox\springfox-swagger2\2.9.2\springfox-swagger2-2.9.2.jar;H:\repository\mvn repository\io\springfox\springfox-spi\2.9.2\springfox-spi-2.9.2.jar;H:\repository\mvn repository\io\springfox\springfox-core\2.9.2\springfox-core-2.9.2.jar;H:\repository\mvn repository\io\springfox\springfox-schema\2.9.2\springfox-schema-2.9.2.jar;H:\repository\mvn repository\io\springfox\springfox-swagger-common\2.9.2\springfox-swagger-common-2.9.2.jar;H:\repository\mvn repository\io\springfox\springfox-spring-web\2.9.2\springfox-spring-web-2.9.2.jar;H:\repository\mvn repository\com\google\guava\guava\20.0\guava-20.0.jar;H:\repository\mvn repository\com\fasterxml\classmate\1.5.1\classmate-1.5.1.jar;H:\repository\mvn repository\org\slf4j\slf4j-api\1.7.30\slf4j-api-1.7.30.jar;H:\repository\mvn repository\org\springframework\plugin\spring-plugin-core\1.2.0.RELEASE\spring-plugin-core-1.2.0.RELEASE.jar;H:\repository\mvn repository\org\springframework\plugin\spring-plugin-metadata\1.2.0.RELEASE\spring-plugin-metadata-1.2.0.RELEASE.jar;H:\repository\mvn repository\org\mapstruct\mapstruct\1.2.0.Final\mapstruct-1.2.0.Final.jar;H:\repository\mvn repository\io\springfox\springfox-swagger-ui\2.9.2\springfox-swagger-ui-2.9.2.jar;H:\repository\mvn repository\io\swagger\swagger-annotations\1.5.21\swagger-annotations-1.5.21.jar;H:\repository\mvn repository\io\swagger\swagger-models\1.5.21\swagger-models-1.5.21.jar;H:\repository\mvn repository\com\fasterxml\jackson\core\jackson-annotations\2.11.3\jackson-annotations-2.11.3.jar;"/>
    <property name="java.vm.vendor" value="Oracle Corporation"/>
    <property name="sun.arch.data.model" value="64"/>
    <property name="user.variant" value=""/>
    <property name="java.vendor.url" value="http://java.oracle.com/"/>
    <property name="user.timezone" value="GMT+08:00"/>
    <property name="java.vm.specification.version" value="1.8"/>
    <property name="os.name" value="Windows 10"/>
    <property name="user.country" value="CN"/>
    <property name="sun.java.launcher" value="SUN_STANDARD"/>
    <property name="sun.boot.library.path" value="H:\jdk\jdk\jre\bin"/>
    <property name="sun.java.command" value="C:\Users\lxc\AppData\Local\Temp\surefire6753887413435995385\surefirebooter3285190176018079118.jar C:\Users\lxc\AppData\Local\Temp\surefire6753887413435995385 2020-11-16T16-02-54_361-jvmRun1 surefire3511383653394368674tmp surefire_04847115225637037159tmp"/>
    <property name="surefire.test.class.path" value="E:\github\learning\security\target\test-classes;E:\github\learning\security\target\classes;H:\repository\mvn repository\org\springframework\boot\spring-boot-starter-security\2.4.0\spring-boot-starter-security-2.4.0.jar;H:\repository\mvn repository\org\springframework\boot\spring-boot-starter\2.4.0\spring-boot-starter-2.4.0.jar;H:\repository\mvn repository\org\springframework\boot\spring-boot-starter-logging\2.4.0\spring-boot-starter-logging-2.4.0.jar;H:\repository\mvn repository\ch\qos\logback\logback-classic\1.2.3\logback-classic-1.2.3.jar;H:\repository\mvn repository\ch\qos\logback\logback-core\1.2.3\logback-core-1.2.3.jar;H:\repository\mvn repository\org\apache\logging\log4j\log4j-to-slf4j\2.13.3\log4j-to-slf4j-2.13.3.jar;H:\repository\mvn repository\org\apache\logging\log4j\log4j-api\2.13.3\log4j-api-2.13.3.jar;H:\repository\mvn repository\org\slf4j\jul-to-slf4j\1.7.30\jul-to-slf4j-1.7.30.jar;H:\repository\mvn repository\jakarta\annotation\jakarta.annotation-api\1.3.5\jakarta.annotation-api-1.3.5.jar;H:\repository\mvn repository\org\yaml\snakeyaml\1.27\snakeyaml-1.27.jar;H:\repository\mvn repository\org\springframework\spring-aop\5.3.1\spring-aop-5.3.1.jar;H:\repository\mvn repository\org\springframework\security\spring-security-config\5.4.1\spring-security-config-5.4.1.jar;H:\repository\mvn repository\org\springframework\security\spring-security-web\5.4.1\spring-security-web-5.4.1.jar;H:\repository\mvn repository\org\springframework\boot\spring-boot-starter-web\2.4.0\spring-boot-starter-web-2.4.0.jar;H:\repository\mvn repository\org\springframework\boot\spring-boot-starter-json\2.4.0\spring-boot-starter-json-2.4.0.jar;H:\repository\mvn repository\com\fasterxml\jackson\datatype\jackson-datatype-jdk8\2.11.3\jackson-datatype-jdk8-2.11.3.jar;H:\repository\mvn repository\com\fasterxml\jackson\datatype\jackson-datatype-jsr310\2.11.3\jackson-datatype-jsr310-2.11.3.jar;H:\repository\mvn repository\com\fasterxml\jackson\module\jackson-module-parameter-names\2.11.3\jackson-module-parameter-names-2.11.3.jar;H:\repository\mvn repository\org\springframework\boot\spring-boot-starter-tomcat\2.4.0\spring-boot-starter-tomcat-2.4.0.jar;H:\repository\mvn repository\org\apache\tomcat\embed\tomcat-embed-core\9.0.39\tomcat-embed-core-9.0.39.jar;H:\repository\mvn repository\org\glassfish\jakarta.el\3.0.3\jakarta.el-3.0.3.jar;H:\repository\mvn repository\org\apache\tomcat\embed\tomcat-embed-websocket\9.0.39\tomcat-embed-websocket-9.0.39.jar;H:\repository\mvn repository\org\springframework\spring-web\5.3.1\spring-web-5.3.1.jar;H:\repository\mvn repository\org\springframework\boot\spring-boot-devtools\2.4.0\spring-boot-devtools-2.4.0.jar;H:\repository\mvn repository\org\springframework\boot\spring-boot\2.4.0\spring-boot-2.4.0.jar;H:\repository\mvn repository\org\springframework\boot\spring-boot-autoconfigure\2.4.0\spring-boot-autoconfigure-2.4.0.jar;H:\repository\mvn repository\org\projectlombok\lombok\1.18.16\lombok-1.18.16.jar;H:\repository\mvn repository\org\springframework\boot\spring-boot-starter-test\2.4.0\spring-boot-starter-test-2.4.0.jar;H:\repository\mvn repository\org\springframework\boot\spring-boot-test\2.4.0\spring-boot-test-2.4.0.jar;H:\repository\mvn repository\org\springframework\boot\spring-boot-test-autoconfigure\2.4.0\spring-boot-test-autoconfigure-2.4.0.jar;H:\repository\mvn repository\com\jayway\jsonpath\json-path\2.4.0\json-path-2.4.0.jar;H:\repository\mvn repository\net\minidev\json-smart\2.3\json-smart-2.3.jar;H:\repository\mvn repository\net\minidev\accessors-smart\1.2\accessors-smart-1.2.jar;H:\repository\mvn repository\org\ow2\asm\asm\5.0.4\asm-5.0.4.jar;H:\repository\mvn repository\jakarta\xml\bind\jakarta.xml.bind-api\2.3.3\jakarta.xml.bind-api-2.3.3.jar;H:\repository\mvn repository\jakarta\activation\jakarta.activation-api\1.2.2\jakarta.activation-api-1.2.2.jar;H:\repository\mvn repository\org\assertj\assertj-core\3.18.1\assertj-core-3.18.1.jar;H:\repository\mvn repository\org\hamcrest\hamcrest\2.2\hamcrest-2.2.jar;H:\repository\mvn repository\org\junit\jupiter\junit-jupiter\5.7.0\junit-jupiter-5.7.0.jar;H:\repository\mvn repository\org\junit\jupiter\junit-jupiter-api\5.7.0\junit-jupiter-api-5.7.0.jar;H:\repository\mvn repository\org\apiguardian\apiguardian-api\1.1.0\apiguardian-api-1.1.0.jar;H:\repository\mvn repository\org\opentest4j\opentest4j\1.2.0\opentest4j-1.2.0.jar;H:\repository\mvn repository\org\junit\platform\junit-platform-commons\1.7.0\junit-platform-commons-1.7.0.jar;H:\repository\mvn repository\org\junit\jupiter\junit-jupiter-params\5.7.0\junit-jupiter-params-5.7.0.jar;H:\repository\mvn repository\org\junit\jupiter\junit-jupiter-engine\5.7.0\junit-jupiter-engine-5.7.0.jar;H:\repository\mvn repository\org\junit\platform\junit-platform-engine\1.7.0\junit-platform-engine-1.7.0.jar;H:\repository\mvn repository\org\mockito\mockito-core\3.6.0\mockito-core-3.6.0.jar;H:\repository\mvn repository\net\bytebuddy\byte-buddy\1.10.18\byte-buddy-1.10.18.jar;H:\repository\mvn repository\net\bytebuddy\byte-buddy-agent\1.10.18\byte-buddy-agent-1.10.18.jar;H:\repository\mvn repository\org\objenesis\objenesis\3.1\objenesis-3.1.jar;H:\repository\mvn repository\org\mockito\mockito-junit-jupiter\3.6.0\mockito-junit-jupiter-3.6.0.jar;H:\repository\mvn repository\org\skyscreamer\jsonassert\1.5.0\jsonassert-1.5.0.jar;H:\repository\mvn repository\com\vaadin\external\google\android-json\0.0.20131108.vaadin1\android-json-0.0.20131108.vaadin1.jar;H:\repository\mvn repository\org\springframework\spring-core\5.3.1\spring-core-5.3.1.jar;H:\repository\mvn repository\org\springframework\spring-jcl\5.3.1\spring-jcl-5.3.1.jar;H:\repository\mvn repository\org\springframework\spring-test\5.3.1\spring-test-5.3.1.jar;H:\repository\mvn repository\org\xmlunit\xmlunit-core\2.7.0\xmlunit-core-2.7.0.jar;H:\repository\mvn repository\org\springframework\security\spring-security-test\5.4.1\spring-security-test-5.4.1.jar;H:\repository\mvn repository\org\springframework\security\spring-security-core\5.4.1\spring-security-core-5.4.1.jar;H:\repository\mvn repository\io\jsonwebtoken\jjwt-api\0.11.1\jjwt-api-0.11.1.jar;H:\repository\mvn repository\io\jsonwebtoken\jjwt-impl\0.11.1\jjwt-impl-0.11.1.jar;H:\repository\mvn repository\io\jsonwebtoken\jjwt-jackson\0.11.1\jjwt-jackson-0.11.1.jar;H:\repository\mvn repository\com\fasterxml\jackson\core\jackson-databind\2.11.3\jackson-databind-2.11.3.jar;H:\repository\mvn repository\com\fasterxml\jackson\core\jackson-core\2.11.3\jackson-core-2.11.3.jar;H:\repository\mvn repository\org\apache\commons\commons-lang3\3.9\commons-lang3-3.9.jar;H:\repository\mvn repository\javax\servlet\javax.servlet-api\3.1.0\javax.servlet-api-3.1.0.jar;H:\repository\mvn repository\org\springframework\spring-webmvc\5.2.9.RELEASE\spring-webmvc-5.2.9.RELEASE.jar;H:\repository\mvn repository\org\springframework\spring-beans\5.3.1\spring-beans-5.3.1.jar;H:\repository\mvn repository\org\springframework\spring-context\5.3.1\spring-context-5.3.1.jar;H:\repository\mvn repository\org\springframework\spring-expression\5.3.1\spring-expression-5.3.1.jar;H:\repository\mvn repository\io\springfox\springfox-swagger2\2.9.2\springfox-swagger2-2.9.2.jar;H:\repository\mvn repository\io\springfox\springfox-spi\2.9.2\springfox-spi-2.9.2.jar;H:\repository\mvn repository\io\springfox\springfox-core\2.9.2\springfox-core-2.9.2.jar;H:\repository\mvn repository\io\springfox\springfox-schema\2.9.2\springfox-schema-2.9.2.jar;H:\repository\mvn repository\io\springfox\springfox-swagger-common\2.9.2\springfox-swagger-common-2.9.2.jar;H:\repository\mvn repository\io\springfox\springfox-spring-web\2.9.2\springfox-spring-web-2.9.2.jar;H:\repository\mvn repository\com\google\guava\guava\20.0\guava-20.0.jar;H:\repository\mvn repository\com\fasterxml\classmate\1.5.1\classmate-1.5.1.jar;H:\repository\mvn repository\org\slf4j\slf4j-api\1.7.30\slf4j-api-1.7.30.jar;H:\repository\mvn repository\org\springframework\plugin\spring-plugin-core\1.2.0.RELEASE\spring-plugin-core-1.2.0.RELEASE.jar;H:\repository\mvn repository\org\springframework\plugin\spring-plugin-metadata\1.2.0.RELEASE\spring-plugin-metadata-1.2.0.RELEASE.jar;H:\repository\mvn repository\org\mapstruct\mapstruct\1.2.0.Final\mapstruct-1.2.0.Final.jar;H:\repository\mvn repository\io\springfox\springfox-swagger-ui\2.9.2\springfox-swagger-ui-2.9.2.jar;H:\repository\mvn repository\io\swagger\swagger-annotations\1.5.21\swagger-annotations-1.5.21.jar;H:\repository\mvn repository\io\swagger\swagger-models\1.5.21\swagger-models-1.5.21.jar;H:\repository\mvn repository\com\fasterxml\jackson\core\jackson-annotations\2.11.3\jackson-annotations-2.11.3.jar;"/>
    <property name="sun.cpu.endian" value="little"/>
    <property name="user.home" value="C:\Users\lxc"/>
    <property name="user.language" value="zh"/>
    <property name="java.specification.vendor" value="Oracle Corporation"/>
    <property name="java.home" value="H:\jdk\jdk\jre"/>
    <property name="basedir" value="E:\github\learning\security"/>
    <property name="file.separator" value="\"/>
    <property name="line.separator" value="&#10;"/>
    <property name="java.vm.specification.vendor" value="Oracle Corporation"/>
    <property name="java.specification.name" value="Java Platform API Specification"/>
    <property name="java.awt.graphicsenv" value="sun.awt.Win32GraphicsEnvironment"/>
    <property name="surefire.real.class.path" value="C:\Users\lxc\AppData\Local\Temp\surefire6753887413435995385\surefirebooter3285190176018079118.jar"/>
    <property name="sun.boot.class.path" value="H:\jdk\jdk\jre\lib\resources.jar;H:\jdk\jdk\jre\lib\rt.jar;H:\jdk\jdk\jre\lib\sunrsasign.jar;H:\jdk\jdk\jre\lib\jsse.jar;H:\jdk\jdk\jre\lib\jce.jar;H:\jdk\jdk\jre\lib\charsets.jar;H:\jdk\jdk\jre\lib\jfr.jar;H:\jdk\jdk\jre\classes"/>
    <property name="user.script" value=""/>
    <property name="sun.management.compiler" value="HotSpot 64-Bit Tiered Compilers"/>
    <property name="java.runtime.version" value="1.8.0_181-b13"/>
    <property name="user.name" value="lxc"/>
    <property name="path.separator" value=";"/>
    <property name="os.version" value="10.0"/>
    <property name="java.endorsed.dirs" value="H:\jdk\jdk\jre\lib\endorsed"/>
    <property name="java.runtime.name" value="Java(TM) SE Runtime Environment"/>
    <property name="file.encoding" value="GBK"/>
    <property name="java.vm.name" value="Java HotSpot(TM) 64-Bit Server VM"/>
    <property name="localRepository" value="H:\repository\mvn repository"/>
    <property name="java.vendor.url.bug" value="http://bugreport.sun.com/bugreport/"/>
    <property name="java.io.tmpdir" value="C:\Users\lxc\AppData\Local\Temp\"/>
    <property name="idea.version" value="2017.3.2"/>
    <property name="java.version" value="1.8.0_181"/>
    <property name="user.dir" value="E:\github\learning\security"/>
    <property name="os.arch" value="amd64"/>
    <property name="java.vm.specification.name" value="Java Virtual Machine Specification"/>
    <property name="java.awt.printerjob" value="sun.awt.windows.WPrinterJob"/>
    <property name="sun.os.patch.level" value=""/>
    <property name="java.library.path" value="H:\jdk\jdk\jre\bin;C:\windows\Sun\Java\bin;C:\windows\system32;C:\windows;C:\Program Files (x86)\Common Files\Oracle\Java\javapath;C:\Program Files (x86)\Common Files\NetSarang;C:\windows\system32;C:\windows;C:\windows\System32\Wbem;C:\windows\System32\WindowsPowerShell\v1.0\;C:\windows\System32\OpenSSH\;&quot;;H:\jdk\jdk\bin;H:\jdk\jdk\jre\bin&quot;;H:\svn\svn\bin;H:\maven\apache-maven-3.5.2\bin;C:\Program Files\Intel\WiFi\bin\;C:\Program Files\Common Files\Intel\WirelessCommon\;&quot;;H:\jdk\jdk\bin;H:\jdk\jdk\jre\bin;&quot;;C:\Python27;E:\redis\;E:\jmeter\apache-jmeter-5.2.1\bin;E:\gradle\gradle-4.7-all\gradle-4.7\bin;E:\github\wuhan\前端\folder\npm\;E:\putty\;C:\Users\lxc\AppData\Local\Microsoft\WindowsApps;;E:\PyCharm\install\PyCharm 2019.2.1\bin;;C:\Users\lxc\AppData\Roaming\npm;."/>
    <property name="java.vm.info" value="mixed mode"/>
    <property name="java.vendor" value="Oracle Corporation"/>
    <property name="java.vm.version" value="25.181-b13"/>
    <property name="java.ext.dirs" value="H:\jdk\jdk\jre\lib\ext;C:\windows\Sun\Java\lib\ext"/>
    <property name="sun.io.unicode.encoding" value="UnicodeLittle"/>
    <property name="maven.repo.local" value="H:\repository\mvn repository"/>
    <property name="java.class.version" value="52.0"/>
  </properties>
  <testcase name="contextLoads" classname="com.security.demo.DemoApplicationTests" time="0.729"/>
</testsuite>